<<DATA:1142,832,-10,36,1,NNE,28.46,100464.02,71.93,0.03,0.17,0.88,-6.37,106.80,93.60,-83>>
<<DATA:1131,835,2,36,1,NNE,28.44,100464.02,71.93,0.03,0.17,0.88,-6.37,106.80,93.60,-82>>
<<DATA:1145,818,7,35,1,NNE,28.43,100464.00,71.93,0.03,0.16,0.87,-6.37,106.80,92.20,-83>>
<<DATA:1142,818,-5,35,1,NNE,28.43,100463.25,72.00,0.04,0.16,0.89,-6.37,106.80,92.20,-83>>
<<DATA:1140,835,17,36,1,NNE,28.42,100463.22,72.00,0.03,0.17,0.88,-6.37,106.80,92.10,-82>>
<<DATA:1142,827,17,35,1,NNE,28.42,100463.22,72.00,0.04,0.17,0.88,-6.37,106.80,92.00,-82>>
<<DATA:1131,840,0,36,1,NNE,28.42,100462.33,72.07,0.04,0.16,0.87,-6.37,106.80,91.90,-81>>
<<DATA:1150,845,0,36,1,NNE,28.41,100461.97,72.27,0.04,0.15,0.87,-6.37,106.80,91.80,-81>>
<<DATA:1152,832,-5,35,1,NNE,28.40,100460.15,72.26,0.06,0.24,0.94,-6.37,106.80,91.80,-83>>
<<DATA:1160,847,15,36,1,NNE,28.40,100460.48,72.23,0.04,0.16,0.88,-6.37,106.80,91.80,-83>>
<<DATA:1142,811,-10,35,1,NNE,28.40,100461.17,72.17,0.03,0.16,0.88,-6.37,106.80,91.80,-84>>
<<DATA:1142,830,-2,36,1,NNE,28.40,100461.30,72.16,0.04,0.16,0.88,-6.37,106.80,91.80,-83>>
<<DATA:1136,840,12,36,1,NNE,28.39,100461.63,72.13,0.03,0.17,0.88,-6.37,106.80,91.80,-83>>
<<DATA:1142,835,2,36,1,NNE,28.39,100461.77,72.12,0.04,0.16,0.88,-6.37,106.80,92.20,-83>>
<<DATA:1147,832,-2,35,1,NNE,28.39,100461.55,72.14,0.04,0.16,0.89,-6.37,106.80,92.20,-83>>
<<DATA:1136,832,-2,36,1,NNE,28.38,100461.54,72.14,0.04,0.16,0.88,-6.37,106.80,92.20,-82>>
<<DATA:1136,837,10,36,1,NNE,28.38,100461.69,72.13,0.03,0.16,0.88,-6.37,106.80,92.20,-81>>
<<DATA:1145,825,-2,35,1,NNE,28.38,100461.67,72.19,0.03,0.16,0.88,-6.37,106.80,92.20,-81>>
<<DATA:1133,832,7,36,1,NNE,28.37,100460.21,72.36,0.04,0.20,0.91,-6.37,106.80,92.70,-78>>
<<DATA:1145,835,5,36,1,NNE,28.34,100461.70,72.13,0.03,0.16,0.87,-6.37,106.80,92.70,-80>>
<<DATA:1142,827,0,35,1,NNE,28.33,100461.66,72.13,0.04,0.17,0.88,-6.37,106.80,93.70,-79>>
<<DATA:1145,830,2,35,1,NNE,28.33,100461.81,72.12,0.04,0.17,0.87,-6.37,106.80,93.70,-80>>
<<DATA:1150,842,-5,36,1,NNE,28.33,100461.96,72.11,0.03,0.17,0.88,-6.37,106.80,93.70,-80>>
<<DATA:1145,837,-2,36,1,NNE,28.32,100462.28,72.08,0.04,0.16,0.88,-6.37,106.80,93.70,-80>>
<<DATA:1128,837,-2,36,1,NNE,28.32,100462.28,72.08,0.03,0.17,0.88,-6.37,106.80,93.70,-80>>
<<DATA:1140,837,0,36,1,NNE,28.31,100461.03,72.33,0.03,0.16,0.88,-6.37,106.80,94.10,-80>>
<<DATA:1147,840,12,36,1,NNE,28.29,100462.20,72.08,0.03,0.17,0.88,-6.37,106.80,94.10,-81>>
<<DATA:1142,840,-5,36,1,NNE,28.28,100462.33,72.07,0.04,0.16,0.88,-6.37,106.80,94.10,-81>>
<<DATA:1140,830,-10,36,1,NNE,28.28,100462.83,72.03,0.03,0.17,0.88,-6.37,106.80,94.10,-81>>
<<DATA:1133,832,-2,36,1,NNE,28.27,100462.61,72.05,0.04,0.17,0.89,-6.37,106.80,94.10,-81>>
<<DATA:1140,832,5,36,1,NNE,28.27,100463.30,72.02,0.03,0.17,0.89,-6.37,106.80,94.10,-81>>
<<DATA:1155,845,2,36,1,NNE,28.24,100463.89,71.94,0.04,0.16,0.88,-6.37,106.80,94.10,-81>>
<<DATA:1140,835,-2,36,1,NNE,28.23,100463.99,71.93,0.04,0.16,0.88,-6.37,106.80,94.10,-82>>
<<DATA:1126,837,0,36,1,NNE,28.23,100464.14,71.92,0.03,0.17,0.89,-6.37,106.80,94.10,-81>>
<<DATA:1142,830,7,36,1,NNE,28.23,100463.95,71.94,0.05,0.22,0.92,-6.37,106.80,94.10,-82>>
<<DATA:1136,830,0,36,1,NNE,28.19,100464.88,71.86,0.03,0.17,0.88,-6.37,106.80,95.40,-80>>
<<DATA:1142,842,5,36,1,NNE,28.18,100464.80,71.86,0.04,0.16,0.89,-6.37,106.80,95.40,-80>>
<<DATA:1145,832,-2,36,1,NNE,28.18,100464.56,71.89,0.04,0.16,0.89,-6.37,106.80,95.40,-82>>
<<DATA:1136,830,15,36,1,NNE,28.17,100464.55,71.89,0.04,0.17,0.88,-6.37,106.80,95.40,-81>>
<<DATA:1140,832,-5,36,1,NNE,28.17,100463.99,71.93,0.05,0.21,0.93,-6.37,106.80,95.40,-81>>
<<DATA:1136,830,5,36,1,NNE,28.15,100463.69,71.96,0.06,0.25,0.95,-6.37,106.80,95.70,-82>>
<<DATA:1142,830,-10,36,1,NNE,28.15,100463.86,71.94,0.03,0.17,0.88,-6.37,106.80,95.70,-82>>
<<DATA:1142,837,2,36,1,NNE,28.12,100463.45,71.98,0.04,0.16,0.88,-6.37,106.80,95.70,-81>>
<<DATA:1136,840,5,36,1,NNE,28.12,100463.77,71.95,0.04,0.17,0.88,-6.37,106.80,96.10,-81>>
<<DATA:1157,845,0,36,1,NNE,28.11,100463.89,71.94,0.04,0.16,0.88,-6.37,106.80,96.10,-81>>
<<DATA:1142,832,0,36,1,NNE,28.11,100464.08,71.93,0.03,0.17,0.88,-6.37,106.80,96.10,-82>>
<<DATA:1131,827,2,36,1,NNE,28.11,100463.88,71.94,0.04,0.16,0.88,-6.37,106.80,96.10,-82>>
<<DATA:1150,818,-7,35,1,NNE,28.07,100463.58,72.03,0.04,0.16,0.88,-6.37,106.80,96.10,-83>>
<<DATA:1142,850,5,36,1,NNE,28.06,100462.12,72.23,0.04,0.16,0.87,-6.37,106.80,96.10,-82>>
<<DATA:1140,837,-10,36,1,NNE,28.05,100459.64,72.33,0.06,0.22,0.93,-6.37,106.80,96.10,-83>>
<<DATA:1140,830,-7,36,1,NNE,28.06,100462.46,72.06,0.05,0.16,0.88,-6.37,106.80,96.10,-82>>
<<DATA:1136,837,-10,36,1,NNE,28.06,100462.63,72.05,0.04,0.17,0.89,-6.37,106.80,96.10,-83>>
<<DATA:1150,827,-2,35,1,NNE,28.06,100461.22,72.27,0.05,0.22,0.93,-6.37,106.80,96.10,-82>>
<<DATA:1133,825,-10,36,1,NNE,28.07,100463.75,72.04,0.04,0.16,0.88,-6.37,106.80,96.10,-82>>
<<DATA:1140,821,2,35,1,NNE,28.07,100462.67,72.10,0.03,0.16,0.87,-6.37,106.80,96.10,-81>>
<<DATA:1145,827,-10,35,1,NNE,28.06,100462.31,72.08,0.04,0.16,0.88,-6.37,106.80,96.10,-82>>
<<DATA:1152,835,0,35,1,NNE,28.06,100462.46,72.06,0.04,0.16,0.88,-6.37,106.80,96.10,-81>>
<<DATA:1150,840,0,36,1,NNE,28.06,100462.63,72.14,0.03,0.16,0.87,-6.37,106.80,95.80,-81>>
<<DATA:1140,837,2,36,1,NNE,28.06,100461.59,72.49,0.06,0.22,0.93,-6.37,106.80,95.80,-81>>
<<DATA:1136,821,-2,35,1,NNE,28.02,100461.81,72.12,0.03,0.17,0.89,-6.37,106.80,95.80,-82>>
<<DATA:1142,827,0,35,1,NNE,28.02,100462.33,72.12,0.05,0.22,0.94,-6.37,106.80,95.80,-81>>
<<DATA:1142,832,7,36,1,NNE,28.00,100462.30,72.08,0.04,0.17,0.88,-6.37,106.80,95.80,-81>>
<<DATA:1147,835,-2,36,1,NNE,28.00,100462.81,72.03,0.04,0.16,0.87,-6.37,106.80,94.80,-82>>
<<DATA:1136,832,-17,36,1,NNE,28.00,100463.66,71.96,0.04,0.16,0.88,-6.37,106.80,94.80,-82>>
<<DATA:1131,837,-12,36,1,NNE,28.00,100463.66,72.05,0.04,0.16,0.88,-6.37,106.80,94.80,-82>>
<<DATA:1147,832,-10,35,1,NNE,27.99,100461.89,72.11,0.05,0.22,0.93,-6.37,106.80,94.80,-82>>
<<DATA:1140,825,-20,35,1,NNE,27.98,100463.24,72.00,0.04,0.17,0.88,-6.37,106.80,94.80,-82>>
<<DATA:1136,827,2,36,1,NNE,27.98,100463.93,71.94,0.03,0.16,0.88,-6.37,106.80,94.80,-81>>
<<DATA:1133,813,-5,35,1,NNE,27.98,100463.91,71.94,0.04,0.17,0.88,-6.37,106.80,94.90,-82>>
<<DATA:1152,827,5,35,1,NNE,27.98,100464.93,71.86,0.03,0.16,0.88,-6.37,106.80,94.90,-81>>
<<DATA:1142,827,-7,35,1,NNE,27.98,100464.93,71.86,0.03,0.16,0.87,-6.37,106.80,94.90,-82>>
<<DATA:1145,830,-7,35,1,NNE,27.97,100463.86,71.94,0.03,0.17,0.88,-6.37,106.80,94.90,-81>>
<<DATA:1126,830,-7,36,1,NNE,27.97,100462.23,72.11,0.04,0.19,0.90,-6.37,106.80,94.90,-82>>
<<DATA:1142,830,5,36,1,NNE,27.97,100461.51,72.14,0.04,0.16,0.88,-6.37,106.80,94.90,-81>>
<<DATA:1140,821,0,35,1,NNE,27.96,100461.51,72.11,0.06,0.22,0.93,-6.37,106.80,94.90,-81>>
<<DATA:1145,837,-12,36,1,NNE,27.97,100461.83,72.12,0.03,0.16,0.87,-6.37,106.80,94.90,-82>>
<<DATA:1145,830,10,35,1,NNE,27.96,100462.36,72.07,0.03,0.15,0.88,-6.37,106.80,94.90,-81>>
<<DATA:1147,832,5,35,1,NNE,27.96,100462.88,72.12,0.04,0.16,0.87,-6.37,106.80,95.50,-81>>
<<DATA:1142,840,0,36,1,NNE,27.95,100462.33,72.07,0.03,0.16,0.88,-6.37,106.80,95.50,-80>>
<<DATA:1131,842,5,36,1,NNE,27.95,100462.81,72.03,0.04,0.16,0.88,-6.37,106.80,95.50,-80>>
<<DATA:1140,840,12,36,1,NNE,27.95,100463.67,71.96,0.03,0.17,0.88,-6.37,106.80,95.40,-81>>
<<DATA:1142,842,15,36,1,NNE,27.95,100464.16,71.92,0.04,0.16,0.88,-6.37,106.80,95.40,-82>>
<<DATA:1145,842,0,36,1,NNE,27.94,100464.80,71.87,0.04,0.16,0.88,-6.37,106.80,95.40,-81>>
<<DATA:1152,825,0,35,1,NNE,27.94,100465.12,71.84,0.03,0.17,0.89,-6.37,106.80,95.40,-81>>
<<DATA:1147,837,-5,36,1,NNE,27.94,100465.44,71.81,0.04,0.18,0.89,-6.37,106.80,95.40,-81>>
<<DATA:1140,830,10,36,1,NNE,27.93,100465.75,71.79,0.04,0.17,0.88,-6.37,106.80,95.40,-81>>
<<DATA:1140,832,22,36,1,NNE,27.93,100466.25,72.20,0.04,0.16,0.88,-6.37,106.80,95.40,-82>>
<<DATA:1145,827,-2,35,1,NNE,27.89,100460.84,72.20,0.03,0.16,0.88,-6.37,106.80,95.90,-81>>
<<DATA:1142,818,-7,35,1,NNE,27.89,100461.35,72.25,0.03,0.17,0.88,-6.37,106.80,95.90,-81>>
<<DATA:1145,845,7,36,1,NNE,27.89,100461.48,72.14,0.03,0.17,0.89,-6.37,106.80,95.90,-81>>
<<DATA:1152,830,-2,35,1,NNE,27.89,100462.66,72.05,0.04,0.16,0.88,-6.37,106.80,95.90,-81>>
<<DATA:1145,847,7,36,1,NNE,27.89,100463.50,71.98,0.03,0.16,0.28,-6.37,106.⸮0,9f.23⸮>-81>>
<<DATA:1150,830,2,35,1,NNE,27.89,100464.53,71.89,0.04,0.16,0.88,-6.37,106.80,96.20,-81>>
<<DATA:1145,827,7,35,1,NNE,27.89,100465.39,71.82,0.03,0.16,0.88,-6.37,106.80,96.20,-80>>
<<DATA:1147,835,-2,36,1,NNE,27.89,100466.24,71.75,0.04,0.17,0.88,-6.37,106.80,96.20,-82>>
<<DATA:1140,837,-12,36,1,NNE,27.88,100466.39,71.73,0.03,0.17,0.89,-6.37,106.80,96.20,-82>>
<<DATA:1142,818,0,35,1,NNE,27.88,100467.08,71.67,0.04,0.17,0.89,-6.37,106.80,96.20,-81>>
<<DATA:1140,845,-15,36,1,NNE,27.86,100462.95,72.02,0.03,0.17,0.88,-6.37,106.80,96.20,-82>>
<<DATA:1142,832,-5,36,1,NNE,27.86,100463.99,71.93,0.04,0.16,0.88,-6.37,106.80,96.20,-81>>
<<DATA:1147,830,-7,35,1,NNE,27.86,100464.50,71.89,0.03,0.16,0.88,-6.37,106.80,96.20,-81>>
<<DATA:1155,852,10,36,1,NNE,27.86,100465.02,71.85,0.03,0.16,0.88,-6.37,106.80,96.20,-81>>
<<DATA:1131,837,-5,36,1,NNE,27.86,100465.88,71.77,0.04,0.16,0.88,-6.37,106.80,96.20,-81>>
<<DATA:1133,840,20,36,1,NNE,27.86,100466.20,71.75,0.03,0.16,0.88,-6.37,106.80,96.20,-81>>
<<DATA:1145,837⸮-2,36,1,NNE,27.85,1 04f7.05,71.68)0&07l01?<P⸮8⸮%6-37186O80⸮>.Q06>-81>>
<<DATA:1136,845,12,36,1,NNE,27.86,100467.39,71.65,0.04,0.16,0.88,-6.37,106.80,96.20,-82>>
<<DATA:1131,825,-2,36,1,NNE,27.86,100467.70,71.62,0.03,0.17,0.88,-6.37,106.80,96.20,-82>>
<<DATA:1150,835,5,35,1,NNE,27.85,100463.64,72.07,0.04,0.16,0.87,-6.37,106.80,96.40,-81>>
<<DATA:1155,821,0,35,1,NNE,27.79,100460.66,72.21,0.03,0.17,0.89,-6.37,106.80,96.40,-81>>
<<DATA:1131,842,-2,36,1,NNE,27.79,100462.05,72.10,0.03,0.16,0.88,-6.37,106.80,96.40,-82>>
<<DATA:1147,837,-2,36,1,NNE,27.79,100462.93,72.40,0.03,0.16,0.86,-6.37,106.80,96.40,-81>>
<<DATA:1128,816,-2,35,1,NNE,27.77,100459.68,72.30,0.04,0.16,0.89,-6.37,106.80,96.00,-82>>
<<DATA:1123,825,2,36,1,NNE,27.78,100461.23,72.17,0.04,0.18,0.88,-6.37,106.80,95.40,-81>>
<<DATA:1145,827,-10,35,1,NNE,27.78,100462.28,72.08,0.03,0.17,0.89,-6.37,106.80,95.40,-82>>
<<DATA:1142,835,-7,36,1,NNE,27.78,100460.15,72.26,0.04,0.16,0.87,-6.37,106.80,95.40,-82>>
<<DATA:1136,835,10,36,1,NNE,27.77,100461.22,72.17,0.04,0.16,0.89,-6.37,106.80,95.40,-81>>
<<DATA:1147,835,-7,36,1,NNE,27.78,100462.60,72.05,0.04,0.16,0.89,-6.37,106.80,95.40,-81>>
<<DATA:1131,821,0,35,1,NNE,27.78,100463.84,71.95,0.04,0.16,0.88,-6.37,106.80,95.40,-80>>
<<DATA:1133,837,-2,36,1,NNE,27.78,100464.55,71.89,0.04,0.17,0.88,-6.37,106.80,95.40,-81>>
<<DATA:1147,842,-5,36,1,NNE,27.79,100465.08,71.84,0.04,0.16,0.87,-6.37,106.80,95.40,-82>>
<<DATA:1142,825,-15,35,1,NNE,27.79,100462.77,72.04,0.04,0.17,0.88,-6.37,106.80,95.40,-82>>
<<DATA:1145,832,15,36,1,NNE,27.78,100463.67,71.96,0.03,0.16,0.89,-6.37,106.80,95.40,-82>>
<<DATA:1152,832,0,35,1,NNE,27.78,100464.38,71.96,0.04,0.21,0.92,-6.37,106.80,95.80,-83>>
<<DATA:1118,830,-10,36,1,NNE,27.81,100468.48,71.56,0.04,0.17,0.89,-6.37,106.80,95.70,-80>>
<<DATA:1142,827,-15,35,1,NNE,27.81,100468.48,71.56,0.03,0.16,0.89,-6.37,106.80,95.70,-82>>
<<DATA:1145,845,0,36,1,NNE,27.81,100468.84,71.53,0.04,0.17,0.88,-6.37,106.80,95.70,-81>>
<<DATA:1123,830,-7,36,1,NNE,27.81,100468.67,71.54,0.03,0.17,0.88,-6.37,106.80,94.80,-81>>
<<DATA:1131,818,-2,35,1,NNE,27.81,100468.67,71.54,0.04,0.18,0.89,-6.37,106.80,94.70,-84>>
<<DATA:1128,842,0,36,1,NNE,27.82,100469.79,71.45,0.02,0.17,0.87,-6.37,106.80,94.70,-84>>
<<DATA:1150,832,-12,35,1,NNE,27.82,100470.16,71.42,0.04,0.17,0.88,-6.37,106.80,94.70,-84>>
<<DATA:1136,835,-2,36,1,NNE,27.82,100470.16,71.42,0.03,0.18,0.89,-6.37,106.80,94.70,-84>>
<<DATA:1145,832,-10,36,1,NNE,27.82,100469.98,71.58,0.03,0.16,0.89,-6.37,106.80,94.70,-84>>
<<DATA:1133,835,-2,36,1,NNE,27.79,100462.59,72.05,0.04,0.16,0.88,-6.37,106.80,95.80,-83>>
<<DATA:1145,835,0,36,1,NNE,27.80,100463.30,71.99,0.04,0.16,0.88,-6.37,106.80,96.50,-82>>
<<DATA:1145,835,-12,36,1,NNE,27.80,100464.00,71.93,0.03,0.15,0.88,-6.37,106.80,96.50,-83>>
<<DATA:1140,827,-7,35,1,NNE,27.80,100465.24,71.92,0.06,0.23,0.95,-6.37,106.80,96.50,-84>>
<<DATA:1131,842,-2,36,1,NNE,27.80,100465.20,71.83,0.04,0.16,0.88,-6.37,106.80,96.90,-87>>
<<DATA:1131,845,0,36,1,NNE,27.80,100465.71,71.79,0.04,0.17,0.88,-6.37,106.80,96.90,-85>>
<<DATA:1131,825,17,36,1,NNE,27.80,100466.37,71.74,0.04,0.17,0.87,-6.37,106.80,96.70,-86>>
<<DATA:1157,832,-10,35,1,NNE,27.79,100466.86,71.69,0.04,0.17,0.88,-6.37,106.80,96.70,-86>>
<<DATA:1133,830,5,36,1,NNE,27.79,100466.86,71.43,0.04,0.16,0.88,-6.37,106.80,96.70,-82>>
<<DATA:1133,818,-5,35,1,NNE,27.72,100461.31,72.16,0.03,0.17,0.89,-6.37,106.80,96.70,-84>>
<<DATA:1140,830,0,36,1,NNE,27.72,100462.87,72.36,0.03,0.17,0.88,-6.37,106.80,96.70,-85>>
<<DATA:1157,835,10,35,1,NNE,27.70,100461.88,72.11,0.03,0.16,0.87,-6.37,106.80,96.70,-86>>
<<DATA:1136,847,5,36,1,NNE,27.70,100462.56,72.05,0.03,0.17,0.88,-6.37,106.80,96.70,-85>>
<<DATA:1150,842,2,36,1,NNE,27.71,100463.95,71.94,0.03,0.16,0.88,-6.37,106.80,96.70,-85>>
<<DATA:1166,845,-5,35,1,NNE,27.70,100464.45,71.90,0.04,0.17,0.87,-6.37,106.80,96.70,-85>>
<<DATA:1145,835,-2,36,1,NNE,27.70,100463.35,71.99,0.03,0.16,0.86,-6.37,106.80,96.70,-86>>
<<DATA:1142,832,-10,36,1,NNE,27.70,100464.03,71.93,0.03,0.17,0.88,-6.37,106.80,96.70,-85>>
<<DATA:1128,816,0,35,1,NNE,27.70,100464.55,71.89,0.03,0.17,0.87,-6.37,106.80,96.90,-85>>
<<DATA:1152,830,-2,35,1,NNE,27.70,100465.23,71.83,0.04,0.15,0.87,-6.37,106.80,96.90,-86>>
<<DATA:1140,825,-22,35,1,NNE,27.70,100465.74,71.79,0.04,0.20,0.90,-6.37,106.80,96.90,-83>>
<<DATA:1136,837,7,36,1,NNE,27.69,100471.31,71.32,0.04,0.17,0.88,-6.37,106.80,96.90,-82>>
<<DATA:1136,840,-15,36,1,NNE,27.69,100471.12,71.34,0.03,0.16,0.89,-6.37,106.80,96.90,-83>>
<<DATA:1145,832,2,36,1,NNE,27.69,100471.12,71.80,0.04,0.16,0.88,-6.37,106.80,96.90,-83>>
<<DATA:1145,840,-7,36,1,NNE,27.66,100466.16,71.75,0.05,0.21,0.93,-6.37,106.80,96.90,-83>>
<<DATA:1140,835,-7,36,1,NNE,27.67,100466.87,71.69,0.03,0.16,0.87,-6.37,106.80,96.90,-83>>
<<DATA:1140,825,0,35,1,NNE,27.67,100467.57,71.63,0.04,0.16,0.89,-6.37,106.80,96.90,-83>>
<<DATA:1140,827,-2,35,1,NNE,27.67,100468.28,71.57,0.04,0.17,0.89,-6.37,106.80,99.20,-83>>
<<DATA:1136,816,-12,35,1,NNE,27.67,100468.62,71.55,0.04,0.16,0.89,-6.37,106.80,99.20,-83>>
<<DATA:1140,840,-5,36,1,NNE,27.67,100469.50,71.47,0.03,0.17,0.88,-6.37,106.80,99.20,-83>>
<<DATA:1140,825,-2,35,1,NNE,27.67,100469.50,71.47,0.04,0.16,0.88,-6.37,106.80,99.20,-83>>
<<DATA:1145,827,-7,35,1,NNE,27.67,100470.01,71.43,0.04,0.16,0.88,-6.37,106.80,99.20,-83>>
<<DATA:1140,827,5,35,1,NNE,27.68,100470.71,71.37,0.04,0.16,0.88,-6.37,106.80,99.20,-82>>
<<DATA:1145,827,-7,35,1,NNE,27.68,100470.71,71.98,0.06,0.23,0.95,-6.37,106.80,99.20,-86>>
<<DATA:1150,840,-2,36,1,NNE,27.69,100470.12,71.42,0.04,0.16,0.88,-6.37,106.80,99.20,-86>>
<<DATA:1152,825,2,35,1,NNE,27.69,100470.14,71.54,0.06,0.23,0.94,-6.37,106.80,99.20,-85>>
<<DATA:1147,835,2,36,1,NNE,27.67,100466.71,71.80,0.05,0.16,0.87,-6.37,106.80,99.30,-81>>
<<DATA:1136,818,-7,35,1,NNE,27.62,100463.63,71.96,0.04,0.17,0.88,-6.37,106.80,99.30,-82>>
<<DATA:1150,835,-10,35,1,NNE,27.62,100464.83,71.86,0.04,0.18,0.89,-6.37,106.80,99.30,-83>>
<<DATA:1145,827,-2,35,1,NNE,27.62,100465.66,71.80,0.03,0.17,0.89,-6.37,106.80,99.30,-82>>
<<DATA:1142,835,-2,36,1,NNE,27.62,100466.48,71.72,0.03,0.17,0.88,-6.37,106.80,99.30,-81>>
<<DATA:1145,835,-5,36,1,NNE,27.62,100467.17,71.67,0.04,0.16,0.89,-6.37,106.80,99.30,-82>>
<<DATA:1136,832,-17,36,1,NNE,27.61,100468.16,71.71,0.05,0.22,0.94,-6.37,106.80,99.30,-84>>
<<DATA:1145,830,-5,35,1,NNE,27.57,100470.02,71.93,0.03,0.16,0.88,-6.37,106.80,99.30,-81>>
<<DATA:1145,832,-10,36,1,NNE,27.53,100464.95,71.85,0.04,0.16,0.88,-6.37,106.80,99.30,-83>>
<<DATA:1140,832,-20,36,1,NNE,27.54,100466.19,71.75,0.03,0.16,0.89,-6.37,106.80,99.30,-83>>
<<DATA:1145,842,-25,36,1,NNE,27.54,100466.70,71.71,0.04,0.17,0.88,-6.37,106.80,99.30,-83>>
<<DATA:1152,850,-2,36,1,NNE,27.54,100467.58,71.63,0.04,0.16,0.88,-6.37,106.80,99.30,-83>>
<<DATA:1147,825,10,35,1,NNE,27.54,100467.91,71.61,0.04,0.17,0.88,-6.37,106.80,99.30,-83>>
<<DATA:1133,827,-12,36,1,NNE,27.54,100468.63,71.54,0.04,0.16,0.88,-6.37,106.80,99.30,-83>>
<<DATA:1145,830,-7,35,1,NNE,27.54,100460.50,72.35,0.03,0.16,0.87,-6.37,106.80,99.30,-88>>
<<DATA:1140,827,-10,35,1,NNE,27.51,100460.86,72.20,0.03,0.18,0.89,-6.37,106.80,99.30,-88>>
<<DATA:1126,830,7,36,1,NNE,27.52,100461.94,72.11,0.04,0.16,0.88,-6.37,106.80,99.80,-86>>
<<DATA:1147,842,2,36,1,NNE,27.52,100463.34,71.99,0.04,0.16,0.88,-6.37,106.80,99.70,-81>>
<<DATA:1145,835,7,36,1,NNE,27.53,100465.27,71.83,0.04,0.16,0.88,-6.37,106.80,99.70,-83>>
<<DATA:1145,835,7,36,1,NNE,27.53,100465.80,71.78,0.04,0.16,0.88,-6.37,106.80,99.70,-84>>
<<DATA:1131,840,-2,36,1,NNE,27.54,100464.67,72.09,0.04,0.16,0.89,-6.37,106.80,99.70,-81>>
<<DATA:1136,837,0,36,1,NNE,27.53,100463.22,72.00,0.04,0.16,0.88,-6.37,106.80,99.70,-81>>
<<DATA:1147,840,7,36,1,NNE,27.53,100463.92,71.94,0.04,0.17,0.88,-6.37,106.80,99.70,-86>>
<<DATA:1131,830,-5,36,1,NNE,27.54,100465.70,71.79,0.04,0.17,0.89,-6.37,106.80,99.70,-86>>
<<DATA:1142,825,-5,35,1,NNE,27.54,100466.23,71.75,0.04,0.17,0.88,-6.37,106.80,98.30,-86>>
<<DATA:1136,825,-2,35,1,NNE,27.55,100466.94,71.69,0.03,0.17,0.88,-6.37,106.80,98.30,-86>>
<<DATA:1140,830,0,36,1,NNE,27.55,100467.30,71.66,0.04,0.16,0.88,-6.37,106.80,98.30,-85>>
<<DATA:1140,835,-2,36,1,NNE,27.55,100467.84,71.61,0.04,0.16,0.87,-6.37,106.80,97.40,-85>>
<<DATA:1145,832,-20,36,1,NNE,27.55,100468.38,71.57,0.04,0.17,0.87,-6.37,106.80,97.10,-86>>
<<DATA:1145,840,7,36,1,NNE,27.55,100468.20,71.64,0.03,0.16,0.88,-6.37,106.80,96.80,-82>>
<<DATA:1147,840,0,36,1,NNE,27.55,100467.84,71.74,0.04,0.19,0.90,-6.37,106.80,96.80,-84>>
<<DATA:1133,832,5,36,1,NNE,27.59,100471.41,71.31,0.03,0.17,0.88,-6.37,106.80,96.80,-83>>
<<DATA:1147,821,0,35,1,NNE,27.59,100470.22,71.53,0.04,0.17,0.88,-6.37,106.80,93.90,-83>>
<<DATA:1145,832,2,36,1,NNE,27.59,100468.64,71.65,0.03,0.18,0.89,-6.37,106.80,93.90,-83>>
<<DATA:1145,837,-12,36,1,NNE,27.60,100473.00,71.18,0.03,0.16,0.88,-6.37,106.80,93.90,-84>>
<<DATA:1131,835,-17,36,1,NNE,27.60,100473.34,71.15,0.03,0.16,0.87,-6.37,106.80,95.80,-83>>
<<DATA:1136,821,-15,35,1,NNE,27.60,100473.51,71.14,0.04,0.16,0.87,-6.37,106.80,95.80,-83>>
<<DATA:1136,835,5,36,1,NNE,27.60,100473.68,71.12,0.04,0.17,0.88,-6.37,106.80,95.80,-82>>
<<DATA:1152,830,-2,35,1,NNE,27.60,100473.84,71.11,0.04,0.16,0.87,-6.37,106.80,95.70,-85>>
<<DATA:1155,830,0,35,1,NNE,27.60,100474.00,71.66,0.04,0.16,0.89,-6.37,106.80,95.70,-84>>
<<DATA:1142,837,2,36,1,NNE,27.57,100468.02,71.60,0.04,0.17,0.88,-6.37,106.80,95.70,-84>>
<<DATA:1160,847,5,36,1,NNE,27.58,100468.89,71.52,0.04,0.17,0.88,-6.37,106.80,95.70,-85>>
<<DATA:1142,835,5,36,1,NNE,27.58,100469.42,71.48,0.03,0.16,0.88,-6.37,106.80,95.70,-85>>
<<DATA:1152,832,2,35,1,NNE,27.58,100470.13,71.42,0.04,0.17,0.88,-6.37,106.80,95.70,-86>>
<<DATA:1145,837,-2,36,1,NNE,27.58,100470.48,71.39,0.04,0.17,0.89,-6.37,106.80,95.70,-92>>
<<DATA:1145,842,2,36,1,NNE,27.59,100470.35,71.55,0.04,0.17,0.88,-6.37,106.80,95.50,-81>>
<<DATA:1150,832,-2,35,1,NNE,27.58,100469.09,71.62,0.03,0.17,0.88,-6.37,106.80,95.50,-96>>
<<DATA:1142,837,-10,36,1,NNE,27.57,100466.80,71.70,0.03,0.17,0.89,-6.37,106.80,95.50,-96>>
<<DATA:1147,830,7,35,1,NNE,27.57,100467.50,71.64,0.04,0.16,0.88,-6.37,106.80,95.50,-95>>
<<DATA:1131,837,-12,36,1,NNE,27.58,100468.57,71.55,0.03,0.17,0.88,-6.37,106.80,95.50,-95>>
<<DATA:1140,827,-10,35,1,NNE,27.58,100469.09,71.51,0.05,0.16,0.87,-6.37,106.80,95.50,-95>>
<<DATA:1140,821,2,35,1,NNE,27.58,100462.83,72.03,0.04,0.16,0.87,-6.37,106.80,95.50,-89>>
<<DATA:1142,840,-2,36,1,NNE,27.57,100464.26,71.91,0.04,0.17,0.89,-6.37,106.80,95.20,-91>>
<<DATA:1142,837,-10,36,1,NNE,27.58,100465.16,71.84,0.04,0.16,0.89,-6.37,106.80,95.20,-93>>
<<DATA:1147,816,-15,35,1,NNE,27.58,100466.23,71.75,0.04,0.17,0.88,-6.37,106.80,95.20,-82>>
<<DATA:1155,845,7,36,1,NNE,27.59,100467.44,71.65,0.03,0.17,0.89,-6.37,106.80,95.20,-82>>
<<DATA:1147,830,-2,35,1,NNE,27.59,100467.98,71.72,0.04,0.16,0.88,-6.37,106.80,95.20,-82>>
<<DATA:1140,852,5,36,1,NNE,27.59,100467.13,71.67,0.04,0.17,0.87,-6.37,106.80,95.20,-82>>
<<DATA:1136,825,7,35,1,NNE,27.60,100467.85,71.61,0.03,0.16,0.88,-6.37,106.80,95.40,-83>>
<<DATA:1147,827,-5,35,1,NNE,27.60,100467.89,72.06,0.04,0.16,0.89,-6.37,106.80,95.40,-83>>
<<DATA:1142,830,-2,36,1,NNE,27.60,100463.97,71.94,0.03,0.16,0.87,-6.37,106.80,95.40,-83>>
<<DATA:1152,842,15,36,1,NNE,27.61,100465.74,71.79,0.04,0.16,0.88,-6.37,106.80,95.40,-83>>
<<DATA:1147,837,0,36,1,NNE,27.61,100465.74,71.79,0.06,0.24,0.94,-6.37,106.80,95.40,-83>>
<<DATA:1140,832,10,36,1,NNE,27.61,100466.47,71.89,0.04,0.17,0.88,-6.37,106.80,95.40,-81>>
<<DATA:1150,847,2,36,1,NNE,27.62,100463.08,72.01,0.03,0.16,0.88,-6.37,106.80,95.40,-80>>
<<DATA:1152,837,-25,36,1,NNE,27.62,100464.66,71.88,0.04,0.16,0.88,-6.37,106.80,95.40,-82>>
<<DATA:1140,845,7,36,1,NNE,27.63,100466.07,71.76,0.04,0.18,0.88,-6.37,106.80,95.40,-81>>
<<DATA:1133,837,-7,36,1,NNE,27.63,100467.11,71.67,0.03,0.16,0.88,-6.37,106.80,95.40,-82>>
<<DATA:1150,847,0,36,1,NNE,27.64,100468.01,71.60,0.04,0.17,0.88,-6.37,106.80,95.40,-81>>
<<DATA:1140,835,-2,36,1,NNE,27.64,100468.55,71.55,0.04,0.16,0.88,-6.37,106.80,95.50,-82>>
<<DATA:1145,811,0,35,1,NNE,27.65,100467.41,71.80,0.04,0.16,0.89,-6.37,106.80,95.50,-82>>
<<@ATK:1226,831⸮5,96l0⸮⸮NE⸮2⸮⸮61O{0⸮66-29,⸮>V9,0⸮8$,:.1⸮,0N⸮7+>.P⸮,⸮,⸮<,Y5⸮53⸮>-82>>
<<DATA:1145,847,15,36,1,NNE,27.65,100467.41,71.65,0.04,0.16,0.88,-6.37,106.80,95.20,-83>>
<<DATA:1145,847,-5,36,1,NNE,27.66,100468.31,71.57,0.02,0.17,0.89,-6.37,106.80,95.20,-83>>
<<DATA:1142,835,5,36,1,NNE,27.66,100468.84,71.53,0.03,0.16,0.88,-6.37,106.80,95.20,-82>>
<<DATA:1152,847,2,36,1,NNE,27.66,100469.38,71.48,0.04,0.16,0.89,-6.37,106.80,95.20,-82>>
<<DATA:1136,825,5,35,1,NNE,27.66,100470.09,71.42,0.03,0.17,0.88,-6.37,106.80,95.20,-82>>
<<DATA:1147,832,-2,35,1,NNE,27.67,100468.91,71.70,0.04,0.21,0.93,-6.37,106.80,95.20,-83>>
<<DATA:1140,832,-20,36,1,NNE,27.67,100467.91,71.85,0.04,0.16,0.88,-6.37,106.80,95.20,-81>>
<<DATA:1142,830,-10,36,1,NNE,27.63,100463.34,71.99,0.04,0.17,0.89,-6.37,106.80,95.20,-81>>
<<DATA:1128,825,-27,36,1,NNE,27.63,100464.55,71.89,0.04,0.17,0.89,-6.37,106.80,96.10,-81>>
<<DATA:1142,827,0,35,1,NNE,27.64,100465.79,71.78,0.03,0.17,0.89,-6.37,106.80,96.10,-80>>
<<DATA:1140,832,-10,36,1,NNE,27.64,100466.86,71.69,0.04,0.16,0.88,-6.37,106.80,96.20,-81>>
<<DATA:1142,830,-2,36,1,NNE,27.65,100468.07,71.59,0.04,0.17,0.88,-6.37,106.80,96.20,-81>>
<<DATA:1152,845,-7,36,1,NNE,27.65,100469.13,71.51,0.04,0.17,0.88,-6.37,106.80,96.20,-82>>
<<DATA:1145,827,-12,35,1,NNE,27.65,100469.66,71.46,0.03,0.17,0.89,-6.37,106.80,96.20,-83>>
<<DATA:1131,832,-5,36,1,NNE,27.66,100470.19,71.78,0.04,0.16,0.88,-6.37,106.80,96.20,-84>>
<<DATA:1142,821,2,35,1,NNE,27.65,100467.05,71.68,0.04,0.17,0.87,-6.37,106.80,96.20,-83>>
<<DATA:1145,830,-5,35,1,NNE,27.65,100467.95,71.60,0.03,0.16,0.88,-6.37,106.80,96.90,-84>>
<<DATA:1142,830,7,36,1,NNE,27.66,100469.36,71.48,0.02,0.18,0.89,-6.37,106.80,96.90,-83>>
<<DATA:1140,835,12,36,1,NNE,27.66,100469.89,71.44,0.03,0.17,0.88,-6.37,106.80,96.90,-84>>
<<DATA:1142,837,-7,36,1,NNE,27.67,100470.63,71.38,0.04,0.17,0.88,-6.37,106.80,96.90,-85>>
<<DATA:1140,840,-7,36,1,NNE,27.67,100465.28,71.89,0.03,0.17,0.89,-6.37,106.80,96.90,-84>>
<<DATA:1142,832,5,36,1,NNE,27.67,100466.72,71.71,0.03,0.16,0.86,-6.37,106.80,96.90,-84>>
<<DATA:1140,830,-2,36,1,NNE,27.67,100467.78,71.62,0.03,0.17,0.89,-6.37,106.80,98.70,-82>>
<<DATA:1136,821,-7,35,1,NNE,27.68,100468.69,71.54,0.04,0.17,0.89,-6.37,106.80,98.70,-81>>
<<DATA:1145,832,5,36,1,NNE,27.69,100470.09,71.68,0.06,0.23,0.96,-6.37,106.80,98.70,-83>>
<<DATA:1145,840,2,36,1,NNE,27.74,100474.61,71.04,0.04,0.16,0.88,-6.37,106.80,98.70,-82>>
<<DATA:1155,827,10,35,1,NNE,27.74,100474.61,71.09,0.04,0.16,0.88,-6.37,106.80,98.70,-83>>
<<DATA:1123,832,-10,36,1,NNE,27.73,100473.55,71.13,0.04,0.17,0.89,-6.37,106.80,98.70,-84>>
<<DATA:1142,830,2,36,1,NNE,27.73,100474.08,71.06,0.03,0.17,0.88,-6.37,106.80,98.70,-83>>
<<DATA:1145,816,-10,35,1,NNE,27.73,100472.89,71.49,0.05,0.23,0.95,-6.37,106.80,98.70,-82>>
<<DATA:1140,818,-7,35,1,NNE,27.71,100471.33,71.53,0.04,0.16,0.88,-6.37,106.80,98.70,-84>>
<<DATA:1133,827,2,36,1,NNE,27.67,100469.50,71.47,0.07,0.25,0.95,-6.37,106.80,97.40,-82>>
<<DATA:1142,835,-5,36,1,NNE,27.67,100470.35,71.40,0.04,0.16,0.87,-6.37,106.80,97.40,-84>>
<<DATA:1145,845,5,36,1,NNE,27.67,100471.20,71.33,0.04,0.16,0.88,-6.37,106.80,97.30,-81>>
<<DATA:1140,818,-5,35,1,NNE,27.67,100471.89,71.27,0.04,0.17,0.88,-6.37,106.80,97.30,-85>>
<<DATA:1142,835,10,36,1,NNE,27.67,100472.91,71.19,0.04,0.16,0.89,-6.37,106.80,97.30,-86>>
<<DATA:1140,821,-10,35,1,NNE,27.67,100472.72,71.20,0.03,0.16,0.88,-6.37,106.80,97.30,-86>>
<<DATA:1142,832,-7,36,1,NNE,27.67,100473.23,71.16,0.04,0.16,0.89,-6.37,106.80,97.30,-83>>
<<DATA:1128,837,0,36,1,NNE,27.67,100473.38,71.15,0.04,0.16,0.88,-6.37,106.80,97.30,-81>>
<<DATA:1126,821,-15,36,1,NNE,27.67,100473.38,71.43,0.05,0.22,0.93,-6.37,106.80,97.30,-82>>
<<DATA:1147,821,-7,35,1,NNE,27.67,100472.45,71.42,0.03,0.17,0.88,-6.37,106.80,97.30,-82>>
<<DATA:1150,835,12,35,1,NNE,27.65,100471.02,71.34,0.04,0.17,0.88,-6.37,106.80,97.30,-82>>
<<DATA:1145,827,12,35,1,NNE,27.66,100471.72,71.29,0.06,0.23,0.93,-6.37,106.80,94.50,-83>>
<<DATA:1140,832,-2,36,1,NNE,27.66,100472.63,71.21,0.03,0.17,0.88,-6.37,106.80,94.50,-82>>
<<DATA:1142,830,-5,36,1,NNE,27.66,100472.99,71.18,0.04,0.17,0.89,-6.37,106.80,94.50,-82>>
<<DATA:1128,835,-5,36,1,NNE,27.67,100472.67,71.46,0.04,0.16,0.87,-6.37,106.80,94.50,-82>>
<<DATA:1145,842,7,36,1,NNE,27.65,100470.34,71.40,0.03,0.16,0.87,-6.37,106.80,94.40,-82>>
<<DATA:1128,845,-10,36,1,NNE,27.66,100471.05,71.34,0.04,0.16,0.88,-6.37,106.80,94.40,-83>>
<<DATA:1142,830,2,36,1,NNE,27.66,100471.92,71.27,0.04,0.17,0.89,-6.37,106.80,94.40,-82>>
<<DATA:1152,832,2,35,1,NNE,27.66,100472.63,71.21,0.06,0.23,0.95,-6.37,106.80,94.40,-82>>
<<DATA:1142,813,2,35,1,NNE,27.66,100473.14,71.17,0.04,0.16,0.88,-6.37,106.80,94.40,-82>>
<<DATA:1145,830,-2,35,1,NNE,27.66,100474.02,71.09,0.04,0.17,0.89,-6.37,106.80,94.40,-82>>
<<DATA:1147,837,-5,36,1,NNE,27.66,100474.36,71.06,0.04,0.17,0.88,-6.37,106.80,94.30,-82>>
